{"level":40,"time":"2026-04-18T01:37:19.534Z","msg":"⚠️  Redis configuration not found (REDIS_HOST/REDIS_PORT) - running without Redis"}
{"level":30,"time":"2026-04-18T01:41:24.932Z","msg":"✅ Redis connected"}
{"level":40,"time":"2026-04-18T01:41:24.941Z","err":{"type":"ReplyError","message":"NOAUTH Authentication required.","stack":"ReplyError: NOAUTH Authentication required.\n    at parseError (/home/iswanto/Documents/project/boilerplate-express-ejs/node_modules/redis-parser/lib/parser.js:179:12)\n    at parseType (/home/iswanto/Documents/project/boilerplate-express-ejs/node_modules/redis-parser/lib/parser.js:302:14)","command":{"name":"info","args":[]}},"msg":"⚠️  Redis connection error - running without Redis"}
{"level":40,"time":"2026-04-18T01:41:24.943Z","msg":"⚠️  Redis reconnecting..."}
{"level":40,"time":"2026-04-18T01:41:24.943Z","msg":"⚠️  Redis not available - running without Redis cache"}
{"level":30,"time":"2026-04-18T01:41:25.145Z","msg":"✅ Redis connected"}
{"level":40,"time":"2026-04-18T01:41:25.145Z","err":{"type":"ReplyError","message":"NOAUTH Authentication required.","stack":"ReplyError: NOAUTH Authentication required.\n    at parseError (/home/iswanto/Documents/project/boilerplate-express-ejs/node_modules/redis-parser/lib/parser.js:179:12)\n    at parseType (/home/iswanto/Documents/project/boilerplate-express-ejs/node_modules/redis-parser/lib/parser.js:302:14)","command":{"name":"info","args":[]}},"msg":"⚠️  Redis connection error - running without Redis"}
{"level":40,"time":"2026-04-18T01:41:25.146Z","msg":"⚠️  Redis reconnecting..."}
{"level":30,"time":"2026-04-18T01:41:25.546Z","msg":"✅ Redis connected"}
{"level":40,"time":"2026-04-18T01:41:25.547Z","err":{"type":"ReplyError","message":"NOAUTH Authentication required.","stack":"ReplyError: NOAUTH Authentication required.\n    at parseError (/home/iswanto/Documents/project/boilerplate-express-ejs/node_modules/redis-parser/lib/parser.js:179:12)\n    at parseType (/home/iswanto/Documents/project/boilerplate-express-ejs/node_modules/redis-parser/lib/parser.js:302:14)","command":{"name":"info","args":[]}},"msg":"⚠️  Redis connection error - running without Redis"}
{"level":40,"time":"2026-04-18T01:41:25.547Z","msg":"⚠️  Redis reconnecting..."}
{"level":30,"time":"2026-04-18T01:41:26.147Z","msg":"✅ Redis connected"}
{"level":40,"time":"2026-04-18T01:41:26.148Z","err":{"type":"ReplyError","message":"NOAUTH Authentication required.","stack":"ReplyError: NOAUTH Authentication required.\n    at parseError (/home/iswanto/Documents/project/boilerplate-express-ejs/node_modules/redis-parser/lib/parser.js:179:12)\n    at parseType (/home/iswanto/Documents/project/boilerplate-express-ejs/node_modules/redis-parser/lib/parser.js:302:14)","command":{"name":"info","args":[]}},"msg":"⚠️  Redis connection error - running without Redis"}
{"level":40,"time":"2026-04-18T01:41:26.148Z","msg":"⚠️  Redis connection failed after 3 retries. Running without Redis."}
{"level":30,"time":"2026-04-18T01:46:47.277Z","msg":"✅ Redis connected"}
{"level":40,"time":"2026-04-18T01:46:47.287Z","err":{"type":"ReplyError","message":"NOAUTH Authentication required.","stack":"ReplyError: NOAUTH Authentication required.\n    at parseError (/home/iswanto/Documents/project/boilerplate-express-ejs/node_modules/redis-parser/lib/parser.js:179:12)\n    at parseType (/home/iswanto/Documents/project/boilerplate-express-ejs/node_modules/redis-parser/lib/parser.js:302:14)","command":{"name":"info","args":[]}},"msg":"⚠️  Redis connection error - running without Redis"}
{"level":40,"time":"2026-04-18T01:46:47.291Z","msg":"⚠️  Redis reconnecting..."}
{"level":40,"time":"2026-04-18T01:46:47.291Z","msg":"⚠️  Redis not available - running without Redis cache"}
{"level":30,"time":"2026-04-18T01:46:47.493Z","msg":"✅ Redis connected"}
{"level":40,"time":"2026-04-18T01:46:47.494Z","err":{"type":"ReplyError","message":"NOAUTH Authentication required.","stack":"ReplyError: NOAUTH Authentication required.\n    at parseError (/home/iswanto/Documents/project/boilerplate-express-ejs/node_modules/redis-parser/lib/parser.js:179:12)\n    at parseType (/home/iswanto/Documents/project/boilerplate-express-ejs/node_modules/redis-parser/lib/parser.js:302:14)","command":{"name":"info","args":[]}},"msg":"⚠️  Redis connection error - running without Redis"}
{"level":40,"time":"2026-04-18T01:46:47.494Z","msg":"⚠️  Redis reconnecting..."}
{"level":30,"time":"2026-04-18T01:46:47.896Z","msg":"✅ Redis connected"}
{"level":40,"time":"2026-04-18T01:46:47.896Z","err":{"type":"ReplyError","message":"NOAUTH Authentication required.","stack":"ReplyError: NOAUTH Authentication required.\n    at parseError (/home/iswanto/Documents/project/boilerplate-express-ejs/node_modules/redis-parser/lib/parser.js:179:12)\n    at parseType (/home/iswanto/Documents/project/boilerplate-express-ejs/node_modules/redis-parser/lib/parser.js:302:14)","command":{"name":"info","args":[]}},"msg":"⚠️  Redis connection error - running without Redis"}
{"level":40,"time":"2026-04-18T01:46:47.897Z","msg":"⚠️  Redis reconnecting..."}
{"level":30,"time":"2026-04-18T01:46:48.499Z","msg":"✅ Redis connected"}
{"level":40,"time":"2026-04-18T01:46:48.499Z","err":{"type":"ReplyError","message":"NOAUTH Authentication required.","stack":"ReplyError: NOAUTH Authentication required.\n    at parseError (/home/iswanto/Documents/project/boilerplate-express-ejs/node_modules/redis-parser/lib/parser.js:179:12)\n    at parseType (/home/iswanto/Documents/project/boilerplate-express-ejs/node_modules/redis-parser/lib/parser.js:302:14)","command":{"name":"info","args":[]}},"msg":"⚠️  Redis connection error - running without Redis"}
{"level":40,"time":"2026-04-18T01:46:48.500Z","msg":"⚠️  Redis connection failed after 3 retries. Running without Redis."}
